  WP_7.cpp
C:\Users\sid03\Documents\GitHub\WP\WP_7\WP_7.cpp(140,51): error C2440: '초기화 중': 'const char [20]'에서 'LPCWSTR []'(으)로 변환할 수 없습니다.
C:\Users\sid03\Documents\GitHub\WP\WP_7\WP_7.cpp(140,24): message : 이 변환이 가능한 컨텍스트가 없습니다.
C:\Users\sid03\Documents\GitHub\WP\WP_7\WP_7.cpp(142,29): error C2664: 'int AddFontResourceA(LPCSTR)': 인수 1을(를) 'LPCWSTR []'에서 'LPCSTR'(으)로 변환할 수 없습니다.
C:\Users\sid03\Documents\GitHub\WP\WP_7\WP_7.cpp(142,18): message : 가리킨 형식이 관련이 없습니다. 변환하려면 reinterpret_cast, C 스타일 캐스트 또는 괄호가 있는 함수 스타일 캐스트가 필요합니다.
C:\Program Files (x86)\Windows Kits\10\Include\10.0.19041.0\um\wingdi.h(3731,22): message : 'AddFontResourceA' 선언을 참조하십시오.
C:\Users\sid03\Documents\GitHub\WP\WP_7\WP_7.cpp(184,67): warning C4267: '인수': 'size_t'에서 'int'(으)로 변환하면서 데이터가 손실될 수 있습니다.
C:\Users\sid03\Documents\GitHub\WP\WP_7\WP_7.cpp(188,33): error C2664: 'BOOL RemoveFontResourceA(LPCSTR)': 인수 1을(를) 'LPCWSTR []'에서 'LPCSTR'(으)로 변환할 수 없습니다.
C:\Users\sid03\Documents\GitHub\WP\WP_7\WP_7.cpp(188,22): message : 가리킨 형식이 관련이 없습니다. 변환하려면 reinterpret_cast, C 스타일 캐스트 또는 괄호가 있는 함수 스타일 캐스트가 필요합니다.
C:\Program Files (x86)\Windows Kits\10\Include\10.0.19041.0\um\wingdi.h(4525,23): message : 'RemoveFontResourceA' 선언을 참조하십시오.
C:\Users\sid03\Documents\GitHub\WP\WP_7\WP_7.cpp(326,13): warning C4244: '=': 'LPARAM'에서 'int'(으)로 변환하면서 데이터가 손실될 수 있습니다.
C:\Users\sid03\Documents\GitHub\WP\WP_7\WP_7.cpp(562,71): warning C4267: '인수': 'size_t'에서 'int'(으)로 변환하면서 데이터가 손실될 수 있습니다.
C:\Users\sid03\Documents\GitHub\WP\WP_7\WP_7.cpp(564,60): warning C4267: '인수': 'size_t'에서 'int'(으)로 변환하면서 데이터가 손실될 수 있습니다.
C:\Users\sid03\Documents\GitHub\WP\WP_7\WP_7.cpp(566,57): warning C4267: '인수': 'size_t'에서 'int'(으)로 변환하면서 데이터가 손실될 수 있습니다.
C:\Users\sid03\Documents\GitHub\WP\WP_7\WP_7.cpp(567,56): warning C4267: '인수': 'size_t'에서 'int'(으)로 변환하면서 데이터가 손실될 수 있습니다.
C:\Users\sid03\Documents\GitHub\WP\WP_7\WP_7.cpp(568,56): warning C4267: '인수': 'size_t'에서 'int'(으)로 변환하면서 데이터가 손실될 수 있습니다.
C:\Users\sid03\Documents\GitHub\WP\WP_7\WP_7.cpp(569,58): warning C4267: '인수': 'size_t'에서 'int'(으)로 변환하면서 데이터가 손실될 수 있습니다.
C:\Users\sid03\Documents\GitHub\WP\WP_7\WP_7.cpp(570,55): warning C4267: '인수': 'size_t'에서 'int'(으)로 변환하면서 데이터가 손실될 수 있습니다.
C:\Users\sid03\Documents\GitHub\WP\WP_7\WP_7.cpp(571,56): warning C4267: '인수': 'size_t'에서 'int'(으)로 변환하면서 데이터가 손실될 수 있습니다.
C:\Users\sid03\Documents\GitHub\WP\WP_7\WP_7.cpp(572,60): warning C4267: '인수': 'size_t'에서 'int'(으)로 변환하면서 데이터가 손실될 수 있습니다.
C:\Users\sid03\Documents\GitHub\WP\WP_7\WP_7.cpp(573,58): warning C4267: '인수': 'size_t'에서 'int'(으)로 변환하면서 데이터가 손실될 수 있습니다.
C:\Users\sid03\Documents\GitHub\WP\WP_7\WP_7.cpp(575,60): warning C4267: '인수': 'size_t'에서 'int'(으)로 변환하면서 데이터가 손실될 수 있습니다.
C:\Users\sid03\Documents\GitHub\WP\WP_7\WP_7.cpp(576,74): warning C4267: '인수': 'size_t'에서 'int'(으)로 변환하면서 데이터가 손실될 수 있습니다.
C:\Users\sid03\Documents\GitHub\WP\WP_7\WP_7.cpp(577,86): warning C4267: '인수': 'size_t'에서 'int'(으)로 변환하면서 데이터가 손실될 수 있습니다.
C:\Users\sid03\Documents\GitHub\WP\WP_7\WP_7.cpp(583,42): warning C4267: '인수': 'size_t'에서 'int'(으)로 변환하면서 데이터가 손실될 수 있습니다.
C:\Users\sid03\Documents\GitHub\WP\WP_7\WP_7.cpp(584,44): warning C4267: '인수': 'size_t'에서 'int'(으)로 변환하면서 데이터가 손실될 수 있습니다.
C:\Users\sid03\Documents\GitHub\WP\WP_7\WP_7.cpp(585,44): warning C4267: '인수': 'size_t'에서 'int'(으)로 변환하면서 데이터가 손실될 수 있습니다.
